BUILD: Computing Include file dependencies:
BUILD: Examining f:\test\sys directory for files to compile.
Compiling f:\test\sys directory ********************
'nmake.exe /c BUILDMSG=Stop. -i NTTEST= UMTEST= NOLINK=1 NOPASS0=1 386=1'
cl -nologo -Ii386\ -I. -IF:\XPDDK\inc\mfc42 -Iobjfre_wxp_x86\i386 -IF:\XPDDK\inc\wxp -IF:\XPDDK\inc\wxp -IF:\XPDDK\inc\ddk\wxp -IF:\XPDDK\inc\ddk\wdm\wxp -IF:\XPDDK\inc\crt -D_X86_=1 -Di386=1  -DSTD_CALL -DCONDITION_HANDLING=1   -DNT_INST=0 -DWIN32=100 -D_NT1X_=100 -DWINNT=1 -D_WIN32_WINNT=0x0501 /DWINVER=0x0501 -D_WIN32_IE=0x0600    -DWIN32_LEAN_AND_MEAN=1 -DDEVL=1 -D__BUILDMACHINE__=WinDDK -DFPO=1  -DNDEBUG -D_DLL=1      /c /Zel /Zp8 /Gy -cbstring /W3 /WX /Gz  /QIfdiv- /QIf /G6 /Gi- /Gm- /GX-  /GR- /GF  -Z7 /Oxs /Oy   -FIF:\XPDDK\inc\wxp\warning.h   .\processname.c .\rootkit.c 
processname.c
rootkit.c
Generating Code...

Stop.
Linking f:\test\sys directory ********************
'nmake.exe /c BUILDMSG=Stop. -i LINKONLY=1 NOPASS0=1 NTTEST= UMTEST= 386=1'
	link -out:..\exe\i386\msdirectx.sys -machine:ix86 @C:\DOCUME~1\ADMINI~1\LOCALS~1\Temp\nma02072.
Microsoft (R) Incremental Linker Version 7.00.9210
Copyright (C) Microsoft Corporation.  All rights reserved.

-MERGE:_PAGE=PAGE 
-MERGE:_TEXT=.text 
-SECTION:INIT,d 
-OPT:REF 
-OPT:ICF 
-IGNORE:4010,4037,4039,4065,4070,4078,4087,4089,4198,4221 
-INCREMENTAL:NO 
-FULLBUILD 
/release 
-NODEFAULTLIB 
/WX 
-debug:FULL 
-debugtype:cv 
-version:5.1 
-osversion:5.1 
/opt:nowin98 
-STACK:0x40000,0x1000 
-driver 
-base:0x10000 
-align:0x80 
-subsystem:native,5.01 
-entry:DriverEntry@8 
-out:..\exe\i386\msdirectx.sys 
objfre_wxp_x86\i386\processname.obj 
objfre_wxp_x86\i386\rootkit.obj 
F:\XPDDK\lib\wxp\i386\ntoskrnl.lib 
F:\XPDDK\lib\wxp\i386\hal.lib 
F:\XPDDK\lib\wxp\i386\wmilib.lib 
Skip Binplace:

Stop.
