BUILD: Examining c:\src\swapcontext_hook directory for files to compile.
Compiling c:\src\swapcontext_hook directory ********************
'nmake.exe /c BUILDMSG=Stop. -i NTTEST= UMTEST= NOLINK=1 386=1'
cl -nologo -Ii386\ -I. -IC:\WINDDK\2600.1106\inc\mfc42 -Iobjfre_wxp_x86\i386 -IC:\WINDDK\2600.1106\inc\wxp -IC:\WINDDK\2600.1106\inc\wxp -IC:\WINDDK\2600.1106\inc\ddk\wxp -IC:\WINDDK\2600.1106\inc\ddk\wdm\wxp -IC:\WINDDK\2600.1106\inc\crt -D_X86_=1 -Di386=1  -DSTD_CALL -DCONDITION_HANDLING=1   -DNT_INST=0 -DWIN32=100 -D_NT1X_=100 -DWINNT=1 -D_WIN32_WINNT=0x0501 /DWINVER=0x0501 -D_WIN32_IE=0x0600    -DWIN32_LEAN_AND_MEAN=1 -DDEVL=1 -D__BUILDMACHINE__=WinDDK -DFPO=1  -DNDEBUG -D_DLL=1      /c /Zel /Zp8 /Gy -cbstring /W3 /WX /Gz  /QIfdiv- /QIf /G6 /Gi- /Gm- /GX-  /GR- /GF  -Z7 /Oxs /Oy   -FIC:\WINDDK\2600.1106\inc\wxp\warning.h   .\xde.c .\hash.c .\main.c 
xde.c
hash.c
main.c
Generating Code...

Stop.
Linking c:\src\swapcontext_hook directory ********************
'nmake.exe /c BUILDMSG=Stop. -i LINKONLY=1 NOPASS0=1 NTTEST= UMTEST= 386=1'
	link -out:release\i386\swap_hook.sys -machine:ix86 @C:\DOCUME~1\TheGod\LOCALS~1\Temp\nma01240.
Microsoft (R) Incremental Linker Version 7.00.9210
Copyright (C) Microsoft Corporation.  All rights reserved.

-MERGE:_PAGE=PAGE 
-MERGE:_TEXT=.text 
-SECTION:INIT,d 
-OPT:REF 
-OPT:ICF 
-IGNORE:4010,4037,4039,4065,4070,4078,4087,4089,4198,4221 
-INCREMENTAL:NO 
-FULLBUILD 
/release 
-NODEFAULTLIB 
/WX 
-debug:FULL 
-debugtype:cv 
-version:5.1 
-osversion:5.1 
/opt:nowin98 
-STACK:0x40000,0x1000 
-driver 
-base:0x10000 
-align:0x80 
-subsystem:native,5.01 
-entry:DriverEntry@8 
-out:release\i386\swap_hook.sys 
objfre_wxp_x86\i386\xde.obj 
objfre_wxp_x86\i386\hash.obj 
objfre_wxp_x86\i386\main.obj 
C:\WINDDK\2600.1106\lib\wxp\i386\ntoskrnl.lib 
C:\WINDDK\2600.1106\lib\wxp\i386\hal.lib 
C:\WINDDK\2600.1106\lib\wxp\i386\wmilib.lib 
Skip Binplace:

Stop.
